# JRE version: 7.0_15-b03
# Java VM: Java HotSpot(TM) 64-Bit Server VM (23.7-b01 mixed mode linux-amd64 compressed oops)
Heap
 PSYoungGen      total 33536K, used 4579K [0x00000000ebd60000, 0x00000000f0880000, 0x0000000100000000)
  eden space 30976K, 6% used [0x00000000ebd60000,0x00000000ebf58d10,0x00000000edba0000)
  from space 2560K, 100% used [0x00000000edba0000,0x00000000ede20000,0x00000000ede20000)
  to   space 7488K, 0% used [0x00000000f0130000,0x00000000f0130000,0x00000000f0880000)
 ParOldGen       total 41280K, used 9104K [0x00000000c3800000, 0x00000000c6050000, 0x00000000ebd60000)
  object space 41280K, 22% used [0x00000000c3800000,0x00000000c40e41e8,0x00000000c6050000)
 PSPermGen       total 21248K, used 15340K [0x00000000be600000, 0x00000000bfac0000, 0x00000000c3800000)
  object space 21248K, 72% used [0x00000000be600000,0x00000000bf4fb258,0x00000000bfac0000)
GC Heap History (10 events):
Event: 0,875 GC heap before
{Heap before GC invocations=1 (full 0):
 PSYoungGen      total 18048K, used 15488K [0x00000000ebd60000, 0x00000000ed180000, 0x0000000100000000)
  eden space 15488K, 100% used [0x00000000ebd60000,0x00000000ecc80000,0x00000000ecc80000)
  from space 2560K, 0% used [0x00000000ecf00000,0x00000000ecf00000,0x00000000ed180000)
  to   space 2560K, 0% used [0x00000000ecc80000,0x00000000ecc80000,0x00000000ecf00000)
 ParOldGen       total 41280K, used 0K [0x00000000c3800000, 0x00000000c6050000, 0x00000000ebd60000)
  object space 41280K, 0% used [0x00000000c3800000,0x00000000c3800000,0x00000000c6050000)
 PSPermGen       total 21248K, used 6718K [0x00000000be600000, 0x00000000bfac0000, 0x00000000c3800000)
  object space 21248K, 31% used [0x00000000be600000,0x00000000bec8f8a0,0x00000000bfac0000)
Event: 0,881 GC heap after
Heap after GC invocations=1 (full 0):
 PSYoungGen      total 18048K, used 2529K [0x00000000ebd60000, 0x00000000ed180000, 0x0000000100000000)
  eden space 15488K, 0% used [0x00000000ebd60000,0x00000000ebd60000,0x00000000ecc80000)
  from space 2560K, 98% used [0x00000000ecc80000,0x00000000ecef8408,0x00000000ecf00000)
  to   space 2560K, 0% used [0x00000000ecf00000,0x00000000ecf00000,0x00000000ed180000)
 ParOldGen       total 41280K, used 694K [0x00000000c3800000, 0x00000000c6050000, 0x00000000ebd60000)
  object space 41280K, 1% used [0x00000000c3800000,0x00000000c38adbd8,0x00000000c6050000)
 PSPermGen       total 21248K, used 6718K [0x00000000be600000, 0x00000000bfac0000, 0x00000000c3800000)
  object space 21248K, 31% used [0x00000000be600000,0x00000000bec8f8a0,0x00000000bfac0000)
}
Event: 1,197 GC heap before
{Heap before GC invocations=2 (full 0):
 PSYoungGen      total 18048K, used 18017K [0x00000000ebd60000, 0x00000000ed180000, 0x0000000100000000)
  eden space 15488K, 100% used [0x00000000ebd60000,0x00000000ecc80000,0x00000000ecc80000)
  from space 2560K, 98% used [0x00000000ecc80000,0x00000000ecef8408,0x00000000ecf00000)
  to   space 2560K, 0% used [0x00000000ecf00000,0x00000000ecf00000,0x00000000ed180000)
 ParOldGen       total 41280K, used 694K [0x00000000c3800000, 0x00000000c6050000, 0x00000000ebd60000)
  object space 41280K, 1% used [0x00000000c3800000,0x00000000c38adbd8,0x00000000c6050000)
 PSPermGen       total 21248K, used 7579K [0x00000000be600000, 0x00000000bfac0000, 0x00000000c3800000)
  object space 21248K, 35% used [0x00000000be600000,0x00000000bed66e48,0x00000000bfac0000)
Event: 1,201 GC heap after
Heap after GC invocations=2 (full 0):
 PSYoungGen      total 18048K, used 2480K [0x00000000ebd60000, 0x00000000ed180000, 0x0000000100000000)
  eden space 15488K, 0% used [0x00000000ebd60000,0x00000000ebd60000,0x00000000ecc80000)
  from space 2560K, 96% used [0x00000000ecf00000,0x00000000ed16c260,0x00000000ed180000)
  to   space 2560K, 0% used [0x00000000ecc80000,0x00000000ecc80000,0x00000000ecf00000)
 ParOldGen       total 41280K, used 702K [0x00000000c3800000, 0x00000000c6050000, 0x00000000ebd60000)
  object space 41280K, 1% used [0x00000000c3800000,0x00000000c38afbd8,0x00000000c6050000)
 PSPermGen       total 21248K, used 7579K [0x00000000be600000, 0x00000000bfac0000, 0x00000000c3800000)
  object space 21248K, 35% used [0x00000000be600000,0x00000000bed66e48,0x00000000bfac0000)
}
Event: 1,632 GC heap before
{Heap before GC invocations=3 (full 0):
 PSYoungGen      total 18048K, used 17968K [0x00000000ebd60000, 0x00000000ed180000, 0x0000000100000000)
  eden space 15488K, 100% used [0x00000000ebd60000,0x00000000ecc80000,0x00000000ecc80000)
  from space 2560K, 96% used [0x00000000ecf00000,0x00000000ed16c260,0x00000000ed180000)
  to   space 2560K, 0% used [0x00000000ecc80000,0x00000000ecc80000,0x00000000ecf00000)
 ParOldGen       total 41280K, used 702K [0x00000000c3800000, 0x00000000c6050000, 0x00000000ebd60000)
  object space 41280K, 1% used [0x00000000c3800000,0x00000000c38afbd8,0x00000000c6050000)
 PSPermGen       total 21248K, used 9720K [0x00000000be600000, 0x00000000bfac0000, 0x00000000c3800000)
  object space 21248K, 45% used [0x00000000be600000,0x00000000bef7e180,0x00000000bfac0000)
Event: 1,638 GC heap after
Heap after GC invocations=3 (full 0):
 PSYoungGen      total 18048K, used 2544K [0x00000000ebd60000, 0x00000000ee0a0000, 0x0000000100000000)
  eden space 15488K, 0% used [0x00000000ebd60000,0x00000000ebd60000,0x00000000ecc80000)
  from space 2560K, 99% used [0x00000000ecc80000,0x00000000ecefc010,0x00000000ecf00000)
  to   space 2560K, 0% used [0x00000000ede20000,0x00000000ede20000,0x00000000ee0a0000)
 ParOldGen       total 41280K, used 2161K [0x00000000c3800000, 0x00000000c6050000, 0x00000000ebd60000)
  object space 41280K, 5% used [0x00000000c3800000,0x00000000c3a1c6b8,0x00000000c6050000)
 PSPermGen       total 21248K, used 9720K [0x00000000be600000, 0x00000000bfac0000, 0x00000000c3800000)
  object space 21248K, 45% used [0x00000000be600000,0x00000000bef7e180,0x00000000bfac0000)
}
Event: 2,392 GC heap before
{Heap before GC invocations=4 (full 0):
 PSYoungGen      total 18048K, used 18032K [0x00000000ebd60000, 0x00000000ee0a0000, 0x0000000100000000)
  eden space 15488K, 100% used [0x00000000ebd60000,0x00000000ecc80000,0x00000000ecc80000)
  from space 2560K, 99% used [0x00000000ecc80000,0x00000000ecefc010,0x00000000ecf00000)
  to   space 2560K, 0% used [0x00000000ede20000,0x00000000ede20000,0x00000000ee0a0000)
 ParOldGen       total 41280K, used 2161K [0x00000000c3800000, 0x00000000c6050000, 0x00000000ebd60000)
  object space 41280K, 5% used [0x00000000c3800000,0x00000000c3a1c6b8,0x00000000c6050000)
 PSPermGen       total 21248K, used 12301K [0x00000000be600000, 0x00000000bfac0000, 0x00000000c3800000)
  object space 21248K, 57% used [0x00000000be600000,0x00000000bf203450,0x00000000bfac0000)
Event: 2,405 GC heap after
Heap after GC invocations=4 (full 0):
 PSYoungGen      total 33536K, used 2544K [0x00000000ebd60000, 0x00000000ee0a0000, 0x0000000100000000)
  eden space 30976K, 0% used [0x00000000ebd60000,0x00000000ebd60000,0x00000000edba0000)
  from space 2560K, 99% used [0x00000000ede20000,0x00000000ee09c010,0x00000000ee0a0000)
  to   space 2560K, 0% used [0x00000000edba0000,0x00000000edba0000,0x00000000ede20000)
 ParOldGen       total 41280K, used 4475K [0x00000000c3800000, 0x00000000c6050000, 0x00000000ebd60000)
  object space 41280K, 10% used [0x00000000c3800000,0x00000000c3c5edd8,0x00000000c6050000)
 PSPermGen       total 21248K, used 12301K [0x00000000be600000, 0x00000000bfac0000, 0x00000000c3800000)
  object space 21248K, 57% used [0x00000000be600000,0x00000000bf203450,0x00000000bfac0000)
}
Event: 3,820 GC heap before
{Heap before GC invocations=5 (full 0):
 PSYoungGen      total 33536K, used 33520K [0x00000000ebd60000, 0x00000000ee0a0000, 0x0000000100000000)
  eden space 30976K, 100% used [0x00000000ebd60000,0x00000000edba0000,0x00000000edba0000)
  from space 2560K, 99% used [0x00000000ede20000,0x00000000ee09c010,0x00000000ee0a0000)
  to   space 2560K, 0% used [0x00000000edba0000,0x00000000edba0000,0x00000000ede20000)
 ParOldGen       total 41280K, used 4475K [0x00000000c3800000, 0x00000000c6050000, 0x00000000ebd60000)
  object space 41280K, 10% used [0x00000000c3800000,0x00000000c3c5edd8,0x00000000c6050000)
 PSPermGen       total 21248K, used 14962K [0x00000000be600000, 0x00000000bfac0000, 0x00000000c3800000)
  object space 21248K, 70% used [0x00000000be600000,0x00000000bf49c930,0x00000000bfac0000)
Event: 3,834 GC heap after
Heap after GC invocations=5 (full 0):
 PSYoungGen      total 33536K, used 2560K [0x00000000ebd60000, 0x00000000f0880000, 0x0000000100000000)
  eden space 30976K, 0% used [0x00000000ebd60000,0x00000000ebd60000,0x00000000edba0000)
  from space 2560K, 100% used [0x00000000edba0000,0x00000000ede20000,0x00000000ede20000)
  to   space 7488K, 0% used [0x00000000f0130000,0x00000000f0130000,0x00000000f0880000)
 ParOldGen       total 41280K, used 9104K [0x00000000c3800000, 0x00000000c6050000, 0x00000000ebd60000)
  object space 41280K, 22% used [0x00000000c3800000,0x00000000c40e41e8,0x00000000c6050000)
 PSPermGen       total 21248K, used 14962K [0x00000000be600000, 0x00000000bfac0000, 0x00000000c3800000)
  object space 21248K, 70% used [0x00000000be600000,0x00000000bf49c930,0x00000000bfac0000)
}

